<?xml version="1.0" encoding="UTF-8"?>
<testsuite xmlns:xsi="http://www.w3.org/2001/XMLSchema-instance" xsi:noNamespaceSchemaLocation="https://maven.apache.org/surefire/maven-surefire-plugin/xsd/surefire-test-report-3.0.xsd" version="3.0" name="runner.TestRunner" time="0.08" tests="0" errors="0" skipped="0" failures="0">
  <properties>
    <property name="gopherProxySet" value="false"/>
    <property name="awt.toolkit" value="sun.lwawt.macosx.LWCToolkit"/>
    <property name="java.specification.version" value="11"/>
    <property name="sun.cpu.isalist" value=""/>
    <property name="sun.jnu.encoding" value="UTF-8"/>
    <property name="java.class.path" value="/Users/wafaaezzelarab/Documents/GitHub/Owasp/target/test-classes:/Users/wafaaezzelarab/Documents/GitHub/Owasp/target/classes:/Users/wafaaezzelarab/.m2/repository/io/cucumber/cucumber-java/7.14.0/cucumber-java-7.14.0.jar:/Users/wafaaezzelarab/.m2/repository/io/cucumber/cucumber-core/7.14.0/cucumber-core-7.14.0.jar:/Users/wafaaezzelarab/.m2/repository/io/cucumber/cucumber-gherkin/7.14.0/cucumber-gherkin-7.14.0.jar:/Users/wafaaezzelarab/.m2/repository/io/cucumber/cucumber-gherkin-messages/7.14.0/cucumber-gherkin-messages-7.14.0.jar:/Users/wafaaezzelarab/.m2/repository/io/cucumber/gherkin/26.2.0/gherkin-26.2.0.jar:/Users/wafaaezzelarab/.m2/repository/io/cucumber/messages/22.0.0/messages-22.0.0.jar:/Users/wafaaezzelarab/.m2/repository/io/cucumber/tag-expressions/5.0.6/tag-expressions-5.0.6.jar:/Users/wafaaezzelarab/.m2/repository/io/cucumber/cucumber-expressions/16.1.2/cucumber-expressions-16.1.2.jar:/Users/wafaaezzelarab/.m2/repository/io/cucumber/datatable/7.14.0/datatable-7.14.0.jar:/Users/wafaaezzelarab/.m2/repository/io/cucumber/cucumber-plugin/7.14.0/cucumber-plugin-7.14.0.jar:/Users/wafaaezzelarab/.m2/repository/io/cucumber/docstring/7.14.0/docstring-7.14.0.jar:/Users/wafaaezzelarab/.m2/repository/io/cucumber/html-formatter/20.4.0/html-formatter-20.4.0.jar:/Users/wafaaezzelarab/.m2/repository/io/cucumber/junit-xml-formatter/0.2.0/junit-xml-formatter-0.2.0.jar:/Users/wafaaezzelarab/.m2/repository/io/cucumber/ci-environment/9.2.0/ci-environment-9.2.0.jar:/Users/wafaaezzelarab/.m2/repository/org/apiguardian/apiguardian-api/1.1.2/apiguardian-api-1.1.2.jar:/Users/wafaaezzelarab/.m2/repository/info/cukes/cucumber-core/1.2.5/cucumber-core-1.2.5.jar:/Users/wafaaezzelarab/.m2/repository/info/cukes/cucumber-html/0.2.3/cucumber-html-0.2.3.jar:/Users/wafaaezzelarab/.m2/repository/info/cukes/cucumber-jvm-deps/1.0.5/cucumber-jvm-deps-1.0.5.jar:/Users/wafaaezzelarab/.m2/repository/info/cukes/gherkin/2.12.2/gherkin-2.12.2.jar:/Users/wafaaezzelarab/.m2/repository/junit/junit/4.11/junit-4.11.jar:/Users/wafaaezzelarab/.m2/repository/org/hamcrest/hamcrest-core/1.3/hamcrest-core-1.3.jar:/Users/wafaaezzelarab/.m2/repository/org/seleniumhq/selenium/selenium-java/4.5.3/selenium-java-4.5.3.jar:/Users/wafaaezzelarab/.m2/repository/org/seleniumhq/selenium/selenium-api/4.5.3/selenium-api-4.5.3.jar:/Users/wafaaezzelarab/.m2/repository/org/seleniumhq/selenium/selenium-chrome-driver/4.5.3/selenium-chrome-driver-4.5.3.jar:/Users/wafaaezzelarab/.m2/repository/com/google/auto/service/auto-service-annotations/1.0.1/auto-service-annotations-1.0.1.jar:/Users/wafaaezzelarab/.m2/repository/com/google/auto/service/auto-service/1.0.1/auto-service-1.0.1.jar:/Users/wafaaezzelarab/.m2/repository/com/google/auto/auto-common/1.2/auto-common-1.2.jar:/Users/wafaaezzelarab/.m2/repository/com/google/guava/guava/31.1-jre/guava-31.1-jre.jar:/Users/wafaaezzelarab/.m2/repository/com/google/guava/failureaccess/1.0.1/failureaccess-1.0.1.jar:/Users/wafaaezzelarab/.m2/repository/com/google/guava/listenablefuture/9999.0-empty-to-avoid-conflict-with-guava/listenablefuture-9999.0-empty-to-avoid-conflict-with-guava.jar:/Users/wafaaezzelarab/.m2/repository/com/google/code/findbugs/jsr305/3.0.2/jsr305-3.0.2.jar:/Users/wafaaezzelarab/.m2/repository/org/checkerframework/checker-qual/3.12.0/checker-qual-3.12.0.jar:/Users/wafaaezzelarab/.m2/repository/com/google/errorprone/error_prone_annotations/2.11.0/error_prone_annotations-2.11.0.jar:/Users/wafaaezzelarab/.m2/repository/com/google/j2objc/j2objc-annotations/1.3/j2objc-annotations-1.3.jar:/Users/wafaaezzelarab/.m2/repository/org/seleniumhq/selenium/selenium-chromium-driver/4.5.3/selenium-chromium-driver-4.5.3.jar:/Users/wafaaezzelarab/.m2/repository/org/seleniumhq/selenium/selenium-json/4.5.3/selenium-json-4.5.3.jar:/Users/wafaaezzelarab/.m2/repository/org/seleniumhq/selenium/selenium-devtools-v104/4.5.3/selenium-devtools-v104-4.5.3.jar:/Users/wafaaezzelarab/.m2/repository/org/seleniumhq/selenium/selenium-devtools-v105/4.5.3/selenium-devtools-v105-4.5.3.jar:/Users/wafaaezzelarab/.m2/repository/org/seleniumhq/selenium/selenium-devtools-v106/4.5.3/selenium-devtools-v106-4.5.3.jar:/Users/wafaaezzelarab/.m2/repository/org/seleniumhq/selenium/selenium-devtools-v85/4.5.3/selenium-devtools-v85-4.5.3.jar:/Users/wafaaezzelarab/.m2/repository/org/seleniumhq/selenium/selenium-edge-driver/4.5.3/selenium-edge-driver-4.5.3.jar:/Users/wafaaezzelarab/.m2/repository/org/seleniumhq/selenium/selenium-firefox-driver/4.5.3/selenium-firefox-driver-4.5.3.jar:/Users/wafaaezzelarab/.m2/repository/org/seleniumhq/selenium/selenium-ie-driver/4.5.3/selenium-ie-driver-4.5.3.jar:/Users/wafaaezzelarab/.m2/repository/org/seleniumhq/selenium/selenium-remote-driver/4.5.3/selenium-remote-driver-4.5.3.jar:/Users/wafaaezzelarab/.m2/repository/com/beust/jcommander/1.82/jcommander-1.82.jar:/Users/wafaaezzelarab/.m2/repository/io/netty/netty-buffer/4.1.84.Final/netty-buffer-4.1.84.Final.jar:/Users/wafaaezzelarab/.m2/repository/io/netty/netty-codec-http/4.1.84.Final/netty-codec-http-4.1.84.Final.jar:/Users/wafaaezzelarab/.m2/repository/io/netty/netty-codec/4.1.84.Final/netty-codec-4.1.84.Final.jar:/Users/wafaaezzelarab/.m2/repository/io/netty/netty-handler/4.1.84.Final/netty-handler-4.1.84.Final.jar:/Users/wafaaezzelarab/.m2/repository/io/netty/netty-common/4.1.84.Final/netty-common-4.1.84.Final.jar:/Users/wafaaezzelarab/.m2/repository/io/netty/netty-transport-classes-epoll/4.1.84.Final/netty-transport-classes-epoll-4.1.84.Final.jar:/Users/wafaaezzelarab/.m2/repository/io/netty/netty-transport-classes-kqueue/4.1.84.Final/netty-transport-classes-kqueue-4.1.84.Final.jar:/Users/wafaaezzelarab/.m2/repository/io/netty/netty-transport-native-epoll/4.1.84.Final/netty-transport-native-epoll-4.1.84.Final.jar:/Users/wafaaezzelarab/.m2/repository/io/netty/netty-transport-native-kqueue/4.1.84.Final/netty-transport-native-kqueue-4.1.84.Final.jar:/Users/wafaaezzelarab/.m2/repository/io/netty/netty-transport-native-unix-common/4.1.84.Final/netty-transport-native-unix-common-4.1.84.Final.jar:/Users/wafaaezzelarab/.m2/repository/io/netty/netty-transport/4.1.84.Final/netty-transport-4.1.84.Final.jar:/Users/wafaaezzelarab/.m2/repository/io/netty/netty-resolver/4.1.84.Final/netty-resolver-4.1.84.Final.jar:/Users/wafaaezzelarab/.m2/repository/io/opentelemetry/opentelemetry-api/1.19.0/opentelemetry-api-1.19.0.jar:/Users/wafaaezzelarab/.m2/repository/io/opentelemetry/opentelemetry-context/1.19.0/opentelemetry-context-1.19.0.jar:/Users/wafaaezzelarab/.m2/repository/io/opentelemetry/opentelemetry-exporter-logging/1.19.0/opentelemetry-exporter-logging-1.19.0.jar:/Users/wafaaezzelarab/.m2/repository/io/opentelemetry/opentelemetry-sdk-metrics/1.19.0/opentelemetry-sdk-metrics-1.19.0.jar:/Users/wafaaezzelarab/.m2/repository/io/opentelemetry/opentelemetry-sdk-logs/1.19.0-alpha/opentelemetry-sdk-logs-1.19.0-alpha.jar:/Users/wafaaezzelarab/.m2/repository/io/opentelemetry/opentelemetry-api-logs/1.19.0-alpha/opentelemetry-api-logs-1.19.0-alpha.jar:/Users/wafaaezzelarab/.m2/repository/io/opentelemetry/opentelemetry-sdk-common/1.19.0/opentelemetry-sdk-common-1.19.0.jar:/Users/wafaaezzelarab/.m2/repository/io/opentelemetry/opentelemetry-sdk-extension-autoconfigure-spi/1.19.0/opentelemetry-sdk-extension-autoconfigure-spi-1.19.0.jar:/Users/wafaaezzelarab/.m2/repository/io/opentelemetry/opentelemetry-sdk-extension-autoconfigure/1.19.0-alpha/opentelemetry-sdk-extension-autoconfigure-1.19.0-alpha.jar:/Users/wafaaezzelarab/.m2/repository/io/opentelemetry/opentelemetry-exporter-common/1.19.0/opentelemetry-exporter-common-1.19.0.jar:/Users/wafaaezzelarab/.m2/repository/io/opentelemetry/opentelemetry-sdk-trace/1.19.0/opentelemetry-sdk-trace-1.19.0.jar:/Users/wafaaezzelarab/.m2/repository/io/opentelemetry/opentelemetry-sdk/1.19.0/opentelemetry-sdk-1.19.0.jar:/Users/wafaaezzelarab/.m2/repository/io/opentelemetry/opentelemetry-semconv/1.19.0-alpha/opentelemetry-semconv-1.19.0-alpha.jar:/Users/wafaaezzelarab/.m2/repository/io/ous/jtoml/2.0.0/jtoml-2.0.0.jar:/Users/wafaaezzelarab/.m2/repository/net/bytebuddy/byte-buddy/1.12.18/byte-buddy-1.12.18.jar:/Users/wafaaezzelarab/.m2/repository/org/apache/commons/commons-exec/1.3/commons-exec-1.3.jar:/Users/wafaaezzelarab/.m2/repository/org/asynchttpclient/async-http-client/2.12.3/async-http-client-2.12.3.jar:/Users/wafaaezzelarab/.m2/repository/org/asynchttpclient/async-http-client-netty-utils/2.12.3/async-http-client-netty-utils-2.12.3.jar:/Users/wafaaezzelarab/.m2/repository/io/netty/netty-codec-socks/4.1.60.Final/netty-codec-socks-4.1.60.Final.jar:/Users/wafaaezzelarab/.m2/repository/io/netty/netty-handler-proxy/4.1.60.Final/netty-handler-proxy-4.1.60.Final.jar:/Users/wafaaezzelarab/.m2/repository/io/netty/netty-transport-native-epoll/4.1.60.Final/netty-transport-native-epoll-4.1.60.Final-linux-x86_64.jar:/Users/wafaaezzelarab/.m2/repository/io/netty/netty-transport-native-kqueue/4.1.60.Final/netty-transport-native-kqueue-4.1.60.Final-osx-x86_64.jar:/Users/wafaaezzelarab/.m2/repository/org/reactivestreams/reactive-streams/1.0.3/reactive-streams-1.0.3.jar:/Users/wafaaezzelarab/.m2/repository/com/typesafe/netty/netty-reactive-streams/2.0.4/netty-reactive-streams-2.0.4.jar:/Users/wafaaezzelarab/.m2/repository/org/slf4j/slf4j-api/1.7.30/slf4j-api-1.7.30.jar:/Users/wafaaezzelarab/.m2/repository/com/sun/activation/jakarta.activation/1.2.2/jakarta.activation-1.2.2.jar:/Users/wafaaezzelarab/.m2/repository/org/seleniumhq/selenium/selenium-http/4.5.3/selenium-http-4.5.3.jar:/Users/wafaaezzelarab/.m2/repository/dev/failsafe/failsafe/3.3.0/failsafe-3.3.0.jar:/Users/wafaaezzelarab/.m2/repository/org/seleniumhq/selenium/selenium-safari-driver/4.5.3/selenium-safari-driver-4.5.3.jar:/Users/wafaaezzelarab/.m2/repository/org/seleniumhq/selenium/selenium-support/4.5.3/selenium-support-4.5.3.jar:/Users/wafaaezzelarab/.m2/repository/io/cucumber/cucumber-junit/7.14.0/cucumber-junit-7.14.0.jar:/Users/wafaaezzelarab/.m2/repository/com/github/javafaker/javafaker/1.0.2/javafaker-1.0.2.jar:/Users/wafaaezzelarab/.m2/repository/org/apache/commons/commons-lang3/3.5/commons-lang3-3.5.jar:/Users/wafaaezzelarab/.m2/repository/org/yaml/snakeyaml/1.23/snakeyaml-1.23-android.jar:/Users/wafaaezzelarab/.m2/repository/com/github/mifmif/generex/1.0.2/generex-1.0.2.jar:/Users/wafaaezzelarab/.m2/repository/dk/brics/automaton/automaton/1.11-8/automaton-1.11-8.jar:"/>
    <property name="java.vm.vendor" value="Homebrew"/>
    <property name="sun.arch.data.model" value="64"/>
    <property name="java.vendor.url" value="https://github.com/Homebrew/homebrew-core/issues"/>
    <property name="user.timezone" value=""/>
    <property name="java.vm.specification.version" value="11"/>
    <property name="os.name" value="Mac OS X"/>
    <property name="sun.java.launcher" value="SUN_STANDARD"/>
    <property name="user.country" value="EG"/>
    <property name="sun.boot.library.path" value="/opt/homebrew/Cellar/openjdk@11/11.0.27/libexec/openjdk.jdk/Contents/Home/lib"/>
    <property name="sun.java.command" value="/Users/wafaaezzelarab/Documents/GitHub/Owasp/target/surefire/surefirebooter-20250613104609537_3.jar /Users/wafaaezzelarab/Documents/GitHub/Owasp/target/surefire 2025-06-13T10-46-08_297-jvmRun1 surefire-20250613104609537_1tmp surefire_0-20250613104609537_2tmp"/>
    <property name="http.nonProxyHosts" value="local|*.local|169.254/16|*.169.254/16"/>
    <property name="jdk.debug" value="release"/>
    <property name="surefire.test.class.path" value="/Users/wafaaezzelarab/Documents/GitHub/Owasp/target/test-classes:/Users/wafaaezzelarab/Documents/GitHub/Owasp/target/classes:/Users/wafaaezzelarab/.m2/repository/io/cucumber/cucumber-java/7.14.0/cucumber-java-7.14.0.jar:/Users/wafaaezzelarab/.m2/repository/io/cucumber/cucumber-core/7.14.0/cucumber-core-7.14.0.jar:/Users/wafaaezzelarab/.m2/repository/io/cucumber/cucumber-gherkin/7.14.0/cucumber-gherkin-7.14.0.jar:/Users/wafaaezzelarab/.m2/repository/io/cucumber/cucumber-gherkin-messages/7.14.0/cucumber-gherkin-messages-7.14.0.jar:/Users/wafaaezzelarab/.m2/repository/io/cucumber/gherkin/26.2.0/gherkin-26.2.0.jar:/Users/wafaaezzelarab/.m2/repository/io/cucumber/messages/22.0.0/messages-22.0.0.jar:/Users/wafaaezzelarab/.m2/repository/io/cucumber/tag-expressions/5.0.6/tag-expressions-5.0.6.jar:/Users/wafaaezzelarab/.m2/repository/io/cucumber/cucumber-expressions/16.1.2/cucumber-expressions-16.1.2.jar:/Users/wafaaezzelarab/.m2/repository/io/cucumber/datatable/7.14.0/datatable-7.14.0.jar:/Users/wafaaezzelarab/.m2/repository/io/cucumber/cucumber-plugin/7.14.0/cucumber-plugin-7.14.0.jar:/Users/wafaaezzelarab/.m2/repository/io/cucumber/docstring/7.14.0/docstring-7.14.0.jar:/Users/wafaaezzelarab/.m2/repository/io/cucumber/html-formatter/20.4.0/html-formatter-20.4.0.jar:/Users/wafaaezzelarab/.m2/repository/io/cucumber/junit-xml-formatter/0.2.0/junit-xml-formatter-0.2.0.jar:/Users/wafaaezzelarab/.m2/repository/io/cucumber/ci-environment/9.2.0/ci-environment-9.2.0.jar:/Users/wafaaezzelarab/.m2/repository/org/apiguardian/apiguardian-api/1.1.2/apiguardian-api-1.1.2.jar:/Users/wafaaezzelarab/.m2/repository/info/cukes/cucumber-core/1.2.5/cucumber-core-1.2.5.jar:/Users/wafaaezzelarab/.m2/repository/info/cukes/cucumber-html/0.2.3/cucumber-html-0.2.3.jar:/Users/wafaaezzelarab/.m2/repository/info/cukes/cucumber-jvm-deps/1.0.5/cucumber-jvm-deps-1.0.5.jar:/Users/wafaaezzelarab/.m2/repository/info/cukes/gherkin/2.12.2/gherkin-2.12.2.jar:/Users/wafaaezzelarab/.m2/repository/junit/junit/4.11/junit-4.11.jar:/Users/wafaaezzelarab/.m2/repository/org/hamcrest/hamcrest-core/1.3/hamcrest-core-1.3.jar:/Users/wafaaezzelarab/.m2/repository/org/seleniumhq/selenium/selenium-java/4.5.3/selenium-java-4.5.3.jar:/Users/wafaaezzelarab/.m2/repository/org/seleniumhq/selenium/selenium-api/4.5.3/selenium-api-4.5.3.jar:/Users/wafaaezzelarab/.m2/repository/org/seleniumhq/selenium/selenium-chrome-driver/4.5.3/selenium-chrome-driver-4.5.3.jar:/Users/wafaaezzelarab/.m2/repository/com/google/auto/service/auto-service-annotations/1.0.1/auto-service-annotations-1.0.1.jar:/Users/wafaaezzelarab/.m2/repository/com/google/auto/service/auto-service/1.0.1/auto-service-1.0.1.jar:/Users/wafaaezzelarab/.m2/repository/com/google/auto/auto-common/1.2/auto-common-1.2.jar:/Users/wafaaezzelarab/.m2/repository/com/google/guava/guava/31.1-jre/guava-31.1-jre.jar:/Users/wafaaezzelarab/.m2/repository/com/google/guava/failureaccess/1.0.1/failureaccess-1.0.1.jar:/Users/wafaaezzelarab/.m2/repository/com/google/guava/listenablefuture/9999.0-empty-to-avoid-conflict-with-guava/listenablefuture-9999.0-empty-to-avoid-conflict-with-guava.jar:/Users/wafaaezzelarab/.m2/repository/com/google/code/findbugs/jsr305/3.0.2/jsr305-3.0.2.jar:/Users/wafaaezzelarab/.m2/repository/org/checkerframework/checker-qual/3.12.0/checker-qual-3.12.0.jar:/Users/wafaaezzelarab/.m2/repository/com/google/errorprone/error_prone_annotations/2.11.0/error_prone_annotations-2.11.0.jar:/Users/wafaaezzelarab/.m2/repository/com/google/j2objc/j2objc-annotations/1.3/j2objc-annotations-1.3.jar:/Users/wafaaezzelarab/.m2/repository/org/seleniumhq/selenium/selenium-chromium-driver/4.5.3/selenium-chromium-driver-4.5.3.jar:/Users/wafaaezzelarab/.m2/repository/org/seleniumhq/selenium/selenium-json/4.5.3/selenium-json-4.5.3.jar:/Users/wafaaezzelarab/.m2/repository/org/seleniumhq/selenium/selenium-devtools-v104/4.5.3/selenium-devtools-v104-4.5.3.jar:/Users/wafaaezzelarab/.m2/repository/org/seleniumhq/selenium/selenium-devtools-v105/4.5.3/selenium-devtools-v105-4.5.3.jar:/Users/wafaaezzelarab/.m2/repository/org/seleniumhq/selenium/selenium-devtools-v106/4.5.3/selenium-devtools-v106-4.5.3.jar:/Users/wafaaezzelarab/.m2/repository/org/seleniumhq/selenium/selenium-devtools-v85/4.5.3/selenium-devtools-v85-4.5.3.jar:/Users/wafaaezzelarab/.m2/repository/org/seleniumhq/selenium/selenium-edge-driver/4.5.3/selenium-edge-driver-4.5.3.jar:/Users/wafaaezzelarab/.m2/repository/org/seleniumhq/selenium/selenium-firefox-driver/4.5.3/selenium-firefox-driver-4.5.3.jar:/Users/wafaaezzelarab/.m2/repository/org/seleniumhq/selenium/selenium-ie-driver/4.5.3/selenium-ie-driver-4.5.3.jar:/Users/wafaaezzelarab/.m2/repository/org/seleniumhq/selenium/selenium-remote-driver/4.5.3/selenium-remote-driver-4.5.3.jar:/Users/wafaaezzelarab/.m2/repository/com/beust/jcommander/1.82/jcommander-1.82.jar:/Users/wafaaezzelarab/.m2/repository/io/netty/netty-buffer/4.1.84.Final/netty-buffer-4.1.84.Final.jar:/Users/wafaaezzelarab/.m2/repository/io/netty/netty-codec-http/4.1.84.Final/netty-codec-http-4.1.84.Final.jar:/Users/wafaaezzelarab/.m2/repository/io/netty/netty-codec/4.1.84.Final/netty-codec-4.1.84.Final.jar:/Users/wafaaezzelarab/.m2/repository/io/netty/netty-handler/4.1.84.Final/netty-handler-4.1.84.Final.jar:/Users/wafaaezzelarab/.m2/repository/io/netty/netty-common/4.1.84.Final/netty-common-4.1.84.Final.jar:/Users/wafaaezzelarab/.m2/repository/io/netty/netty-transport-classes-epoll/4.1.84.Final/netty-transport-classes-epoll-4.1.84.Final.jar:/Users/wafaaezzelarab/.m2/repository/io/netty/netty-transport-classes-kqueue/4.1.84.Final/netty-transport-classes-kqueue-4.1.84.Final.jar:/Users/wafaaezzelarab/.m2/repository/io/netty/netty-transport-native-epoll/4.1.84.Final/netty-transport-native-epoll-4.1.84.Final.jar:/Users/wafaaezzelarab/.m2/repository/io/netty/netty-transport-native-kqueue/4.1.84.Final/netty-transport-native-kqueue-4.1.84.Final.jar:/Users/wafaaezzelarab/.m2/repository/io/netty/netty-transport-native-unix-common/4.1.84.Final/netty-transport-native-unix-common-4.1.84.Final.jar:/Users/wafaaezzelarab/.m2/repository/io/netty/netty-transport/4.1.84.Final/netty-transport-4.1.84.Final.jar:/Users/wafaaezzelarab/.m2/repository/io/netty/netty-resolver/4.1.84.Final/netty-resolver-4.1.84.Final.jar:/Users/wafaaezzelarab/.m2/repository/io/opentelemetry/opentelemetry-api/1.19.0/opentelemetry-api-1.19.0.jar:/Users/wafaaezzelarab/.m2/repository/io/opentelemetry/opentelemetry-context/1.19.0/opentelemetry-context-1.19.0.jar:/Users/wafaaezzelarab/.m2/repository/io/opentelemetry/opentelemetry-exporter-logging/1.19.0/opentelemetry-exporter-logging-1.19.0.jar:/Users/wafaaezzelarab/.m2/repository/io/opentelemetry/opentelemetry-sdk-metrics/1.19.0/opentelemetry-sdk-metrics-1.19.0.jar:/Users/wafaaezzelarab/.m2/repository/io/opentelemetry/opentelemetry-sdk-logs/1.19.0-alpha/opentelemetry-sdk-logs-1.19.0-alpha.jar:/Users/wafaaezzelarab/.m2/repository/io/opentelemetry/opentelemetry-api-logs/1.19.0-alpha/opentelemetry-api-logs-1.19.0-alpha.jar:/Users/wafaaezzelarab/.m2/repository/io/opentelemetry/opentelemetry-sdk-common/1.19.0/opentelemetry-sdk-common-1.19.0.jar:/Users/wafaaezzelarab/.m2/repository/io/opentelemetry/opentelemetry-sdk-extension-autoconfigure-spi/1.19.0/opentelemetry-sdk-extension-autoconfigure-spi-1.19.0.jar:/Users/wafaaezzelarab/.m2/repository/io/opentelemetry/opentelemetry-sdk-extension-autoconfigure/1.19.0-alpha/opentelemetry-sdk-extension-autoconfigure-1.19.0-alpha.jar:/Users/wafaaezzelarab/.m2/repository/io/opentelemetry/opentelemetry-exporter-common/1.19.0/opentelemetry-exporter-common-1.19.0.jar:/Users/wafaaezzelarab/.m2/repository/io/opentelemetry/opentelemetry-sdk-trace/1.19.0/opentelemetry-sdk-trace-1.19.0.jar:/Users/wafaaezzelarab/.m2/repository/io/opentelemetry/opentelemetry-sdk/1.19.0/opentelemetry-sdk-1.19.0.jar:/Users/wafaaezzelarab/.m2/repository/io/opentelemetry/opentelemetry-semconv/1.19.0-alpha/opentelemetry-semconv-1.19.0-alpha.jar:/Users/wafaaezzelarab/.m2/repository/io/ous/jtoml/2.0.0/jtoml-2.0.0.jar:/Users/wafaaezzelarab/.m2/repository/net/bytebuddy/byte-buddy/1.12.18/byte-buddy-1.12.18.jar:/Users/wafaaezzelarab/.m2/repository/org/apache/commons/commons-exec/1.3/commons-exec-1.3.jar:/Users/wafaaezzelarab/.m2/repository/org/asynchttpclient/async-http-client/2.12.3/async-http-client-2.12.3.jar:/Users/wafaaezzelarab/.m2/repository/org/asynchttpclient/async-http-client-netty-utils/2.12.3/async-http-client-netty-utils-2.12.3.jar:/Users/wafaaezzelarab/.m2/repository/io/netty/netty-codec-socks/4.1.60.Final/netty-codec-socks-4.1.60.Final.jar:/Users/wafaaezzelarab/.m2/repository/io/netty/netty-handler-proxy/4.1.60.Final/netty-handler-proxy-4.1.60.Final.jar:/Users/wafaaezzelarab/.m2/repository/io/netty/netty-transport-native-epoll/4.1.60.Final/netty-transport-native-epoll-4.1.60.Final-linux-x86_64.jar:/Users/wafaaezzelarab/.m2/repository/io/netty/netty-transport-native-kqueue/4.1.60.Final/netty-transport-native-kqueue-4.1.60.Final-osx-x86_64.jar:/Users/wafaaezzelarab/.m2/repository/org/reactivestreams/reactive-streams/1.0.3/reactive-streams-1.0.3.jar:/Users/wafaaezzelarab/.m2/repository/com/typesafe/netty/netty-reactive-streams/2.0.4/netty-reactive-streams-2.0.4.jar:/Users/wafaaezzelarab/.m2/repository/org/slf4j/slf4j-api/1.7.30/slf4j-api-1.7.30.jar:/Users/wafaaezzelarab/.m2/repository/com/sun/activation/jakarta.activation/1.2.2/jakarta.activation-1.2.2.jar:/Users/wafaaezzelarab/.m2/repository/org/seleniumhq/selenium/selenium-http/4.5.3/selenium-http-4.5.3.jar:/Users/wafaaezzelarab/.m2/repository/dev/failsafe/failsafe/3.3.0/failsafe-3.3.0.jar:/Users/wafaaezzelarab/.m2/repository/org/seleniumhq/selenium/selenium-safari-driver/4.5.3/selenium-safari-driver-4.5.3.jar:/Users/wafaaezzelarab/.m2/repository/org/seleniumhq/selenium/selenium-support/4.5.3/selenium-support-4.5.3.jar:/Users/wafaaezzelarab/.m2/repository/io/cucumber/cucumber-junit/7.14.0/cucumber-junit-7.14.0.jar:/Users/wafaaezzelarab/.m2/repository/com/github/javafaker/javafaker/1.0.2/javafaker-1.0.2.jar:/Users/wafaaezzelarab/.m2/repository/org/apache/commons/commons-lang3/3.5/commons-lang3-3.5.jar:/Users/wafaaezzelarab/.m2/repository/org/yaml/snakeyaml/1.23/snakeyaml-1.23-android.jar:/Users/wafaaezzelarab/.m2/repository/com/github/mifmif/generex/1.0.2/generex-1.0.2.jar:/Users/wafaaezzelarab/.m2/repository/dk/brics/automaton/automaton/1.11-8/automaton-1.11-8.jar:"/>
    <property name="sun.cpu.endian" value="little"/>
    <property name="user.home" value="/Users/wafaaezzelarab"/>
    <property name="user.language" value="en"/>
    <property name="java.specification.vendor" value="Oracle Corporation"/>
    <property name="java.version.date" value="2025-04-15"/>
    <property name="java.home" value="/opt/homebrew/Cellar/openjdk@11/11.0.27/libexec/openjdk.jdk/Contents/Home"/>
    <property name="file.separator" value="/"/>
    <property name="basedir" value="/Users/wafaaezzelarab/Documents/GitHub/Owasp"/>
    <property name="java.vm.compressedOopsMode" value="Zero based"/>
    <property name="line.separator" value="&#10;"/>
    <property name="java.specification.name" value="Java Platform API Specification"/>
    <property name="java.vm.specification.vendor" value="Oracle Corporation"/>
    <property name="java.awt.graphicsenv" value="sun.awt.CGraphicsEnvironment"/>
    <property name="surefire.real.class.path" value="/Users/wafaaezzelarab/Documents/GitHub/Owasp/target/surefire/surefirebooter-20250613104609537_3.jar"/>
    <property name="sun.management.compiler" value="HotSpot 64-Bit Tiered Compilers"/>
    <property name="ftp.nonProxyHosts" value="local|*.local|169.254/16|*.169.254/16"/>
    <property name="java.runtime.version" value="11.0.27+0"/>
    <property name="user.name" value="wafaaezzelarab"/>
    <property name="path.separator" value=":"/>
    <property name="os.version" value="15.1"/>
    <property name="java.runtime.name" value="OpenJDK Runtime Environment"/>
    <property name="file.encoding" value="UTF-8"/>
    <property name="java.vm.name" value="OpenJDK 64-Bit Server VM"/>
    <property name="java.vendor.version" value="Homebrew"/>
    <property name="localRepository" value="/Users/wafaaezzelarab/.m2/repository"/>
    <property name="java.vendor.url.bug" value="https://github.com/Homebrew/homebrew-core/issues"/>
    <property name="java.io.tmpdir" value="/var/folders/cw/m36j5cl12lv9qwh5p2gxhjh80000gn/T/"/>
    <property name="java.version" value="11.0.27"/>
    <property name="user.dir" value="/Users/wafaaezzelarab/Documents/GitHub/Owasp"/>
    <property name="os.arch" value="aarch64"/>
    <property name="java.vm.specification.name" value="Java Virtual Machine Specification"/>
    <property name="java.awt.printerjob" value="sun.lwawt.macosx.CPrinterJob"/>
    <property name="sun.os.patch.level" value="unknown"/>
    <property name="java.library.path" value="/Users/wafaaezzelarab/Library/Java/Extensions:/Library/Java/Extensions:/Network/Library/Java/Extensions:/System/Library/Java/Extensions:/usr/lib/java:."/>
    <property name="java.vm.info" value="mixed mode"/>
    <property name="java.vendor" value="Homebrew"/>
    <property name="java.vm.version" value="11.0.27+0"/>
    <property name="java.specification.maintenance.version" value="3"/>
    <property name="sun.io.unicode.encoding" value="UnicodeBig"/>
    <property name="java.class.version" value="55.0"/>
    <property name="socksNonProxyHosts" value="local|*.local|169.254/16|*.169.254/16"/>
  </properties>
</testsuite>